{
  "RSpec": {
    "coverage": {
      "/Users/r/git_repos/spree-contrib/spree_content/lib/spree_content.rb": [
        1,
        1
      ],
      "/Users/r/git_repos/spree-contrib/spree_content/lib/spree_content/engine.rb": [
        1,
        1,
        1,
        1,
        1,
        null,
        1,
        1,
        null,
        null,
        1,
        1,
        null,
        null,
        1,
        1,
        0,
        null,
        null,
        null,
        1,
        null,
        null
      ],
      "/Users/r/git_repos/spree-contrib/spree_content/app/models/spree/relation.rb": [
        1,
        1,
        1,
        1,
        null,
        1,
        null
      ],
      "/Users/r/git_repos/spree-contrib/spree_content/app/models/spree/relation_type.rb": [
        1,
        1,
        null,
        1,
        1,
        null
      ],
      "/Users/r/git_repos/spree-contrib/spree_content/app/models/spree/relatable.rb": [
        1,
        1,
        1,
        null,
        1,
        11,
        null,
        null,
        null,
        1,
        null,
        null,
        null,
        null,
        null,
        null,
        null,
        1,
        null,
        10,
        null,
        10,
        10,
        1,
        null,
        9,
        null,
        null,
        null,
        1,
        2,
        null,
        null,
        1,
        null,
        0,
        null,
        0,
        null,
        null,
        1,
        null,
        1,
        12,
        11,
        null,
        null,
        null,
        null,
        null,
        1,
        null,
        null,
        null,
        null,
        null,
        null,
        1,
        null,
        9,
        null,
        null,
        9,
        null,
        null,
        9,
        null,
        null,
        9,
        6,
        null,
        null,
        9,
        null,
        null,
        null,
        null,
        null,
        1,
        9,
        null,
        null,
        1,
        null,
        1,
        13,
        null,
        null,
        null,
        null,
        null,
        null,
        null,
        null,
        null,
        null,
        null,
        null,
        null,
        null,
        null,
        null,
        null,
        1,
        null,
        null,
        null,
        15,
        null,
        null,
        null,
        null
      ]
    },
    "timestamp": 1421859645
  }
}
